app/build/intermediates/manifest_merge_blame_file/debug/manifest-merger-blame-debug-report.txt
1<?xml version="1.0" encoding="utf-8"?>
2<manifest xmlns:android="http://schemas.android.com/apk/res/android"
3    package="edu.upc.dsa.restproject"
4    android:versionCode="1"
5    android:versionName="1.0" >
6
7    <uses-sdk
8        android:minSdkVersion="25"
8-->src/main/AndroidManifest.xml
9        android:targetSdkVersion="33" />
9-->src/main/AndroidManifest.xml
10
11    <uses-permission android:name="android.permission.INTERNET" />
11-->src/main/AndroidManifest.xml:4:5-67
11-->src/main/AndroidManifest.xml:4:22-64
12
13    <queries>
13-->[com.google.ar:core:1.30.0] AndroidManifest.xml:29:5-31:15
14        <package android:name="com.google.ar.core" />
14-->[com.google.ar:core:1.30.0] AndroidManifest.xml:30:9-54
14-->[com.google.ar:core:1.30.0] AndroidManifest.xml:30:18-51
15    </queries>
16
17    <uses-permission android:name="android.permission.ACCESS_NETWORK_STATE" />
17-->[com.google.firebase:firebase-messaging:23.1.2] AndroidManifest.xml:24:5-79
17-->[com.google.firebase:firebase-messaging:23.1.2] AndroidManifest.xml:24:22-76
18    <uses-permission android:name="android.permission.POST_NOTIFICATIONS" />
18-->[com.google.firebase:firebase-messaging:23.1.2] AndroidManifest.xml:25:5-77
18-->[com.google.firebase:firebase-messaging:23.1.2] AndroidManifest.xml:25:22-74
19    <uses-permission android:name="android.permission.WAKE_LOCK" /> <!-- Required by older versions of Google Play services to create IID tokens -->
19-->[com.google.firebase:firebase-messaging:23.1.2] AndroidManifest.xml:26:5-68
19-->[com.google.firebase:firebase-messaging:23.1.2] AndroidManifest.xml:26:22-65
20    <uses-permission android:name="com.google.android.c2dm.permission.RECEIVE" />
20-->[com.google.firebase:firebase-messaging:23.1.2] AndroidManifest.xml:28:5-82
20-->[com.google.firebase:firebase-messaging:23.1.2] AndroidManifest.xml:28:22-79
21
22    <application
22-->src/main/AndroidManifest.xml:5:5-70:19
23        android:allowBackup="true"
23-->src/main/AndroidManifest.xml:6:9-35
24        android:appComponentFactory="androidx.core.app.CoreComponentFactory"
24-->[androidx.core:core:1.8.0] AndroidManifest.xml:24:18-86
25        android:dataExtractionRules="@xml/data_extraction_rules"
25-->src/main/AndroidManifest.xml:7:9-65
26        android:debuggable="true"
27        android:extractNativeLibs="true"
27-->src/main/AndroidManifest.xml:12:9-41
28        android:fullBackupContent="@xml/backup_rules"
28-->src/main/AndroidManifest.xml:8:9-54
29        android:icon="@drawable/ic_launcher_background"
29-->src/main/AndroidManifest.xml:9:9-56
30        android:label="@string/app_name"
30-->src/main/AndroidManifest.xml:10:9-41
31        android:roundIcon="@mipmap/ic_launcher_round"
31-->src/main/AndroidManifest.xml:15:9-54
32        android:supportsRtl="true"
32-->src/main/AndroidManifest.xml:11:9-35
33        android:testOnly="true"
34        android:theme="@style/Theme.RESTPROJECT"
34-->src/main/AndroidManifest.xml:14:9-49
35        android:usesCleartextTraffic="true" >
35-->src/main/AndroidManifest.xml:13:9-44
36        <activity
36-->src/main/AndroidManifest.xml:18:9-29:20
37            android:name="edu.upc.dsa.restproject.PrincipalMainActivity"
37-->src/main/AndroidManifest.xml:19:13-50
38            android:exported="true"
38-->src/main/AndroidManifest.xml:20:13-36
39            android:label="@string/app_name" >
39-->src/main/AndroidManifest.xml:21:13-45
40            <intent-filter>
40-->src/main/AndroidManifest.xml:22:13-25:29
41                <action android:name="android.intent.action.MAIN" />
41-->src/main/AndroidManifest.xml:23:17-69
41-->src/main/AndroidManifest.xml:23:25-66
42
43                <category android:name="android.intent.category.LAUNCHER" />
43-->src/main/AndroidManifest.xml:24:17-77
43-->src/main/AndroidManifest.xml:24:27-74
44            </intent-filter>
45
46            <meta-data
46-->src/main/AndroidManifest.xml:26:13-28:35
47                android:name="android.app.lib_name"
47-->src/main/AndroidManifest.xml:27:17-52
48                android:value="" />
48-->src/main/AndroidManifest.xml:28:17-33
49        </activity>
50        <activity
50-->src/main/AndroidManifest.xml:30:9-37:20
51            android:name="edu.upc.dsa.restproject.MainActivity"
51-->src/main/AndroidManifest.xml:31:13-41
52            android:exported="true"
52-->src/main/AndroidManifest.xml:32:13-36
53            android:label="@string/app_name" >
53-->src/main/AndroidManifest.xml:33:13-45
54            <meta-data
54-->src/main/AndroidManifest.xml:26:13-28:35
55                android:name="android.app.lib_name"
55-->src/main/AndroidManifest.xml:27:17-52
56                android:value="" />
56-->src/main/AndroidManifest.xml:28:17-33
57        </activity>
58        <activity
58-->src/main/AndroidManifest.xml:38:9-45:20
59            android:name="edu.upc.dsa.restproject.RegisterActivity"
59-->src/main/AndroidManifest.xml:39:13-45
60            android:exported="true"
60-->src/main/AndroidManifest.xml:40:13-36
61            android:label="@string/app_name" >
61-->src/main/AndroidManifest.xml:41:13-45
62            <meta-data
62-->src/main/AndroidManifest.xml:26:13-28:35
63                android:name="android.app.lib_name"
63-->src/main/AndroidManifest.xml:27:17-52
64                android:value="" />
64-->src/main/AndroidManifest.xml:28:17-33
65        </activity>
66        <activity
66-->src/main/AndroidManifest.xml:46:9-53:20
67            android:name="edu.upc.dsa.restproject.LoginActivity"
67-->src/main/AndroidManifest.xml:47:9-38
68            android:exported="true"
68-->src/main/AndroidManifest.xml:48:9-32
69            android:label="@string/app_name" >
69-->src/main/AndroidManifest.xml:49:9-41
70            <meta-data
70-->src/main/AndroidManifest.xml:26:13-28:35
71                android:name="android.app.lib_name"
71-->src/main/AndroidManifest.xml:27:17-52
72                android:value="" />
72-->src/main/AndroidManifest.xml:28:17-33
73        </activity>
74        <activity
74-->src/main/AndroidManifest.xml:54:9-61:20
75            android:name="edu.upc.dsa.restproject.ShopActivity"
75-->src/main/AndroidManifest.xml:55:13-41
76            android:exported="true"
76-->src/main/AndroidManifest.xml:56:13-36
77            android:label="@string/app_name" >
77-->src/main/AndroidManifest.xml:57:13-45
78            <meta-data
78-->src/main/AndroidManifest.xml:26:13-28:35
79                android:name="android.app.lib_name"
79-->src/main/AndroidManifest.xml:27:17-52
80                android:value="" />
80-->src/main/AndroidManifest.xml:28:17-33
81        </activity>
82        <activity
82-->src/main/AndroidManifest.xml:62:9-69:20
83            android:name="edu.upc.dsa.restproject.BuyActivity"
83-->src/main/AndroidManifest.xml:63:13-40
84            android:exported="true"
84-->src/main/AndroidManifest.xml:64:13-36
85            android:label="@string/app_name" >
85-->src/main/AndroidManifest.xml:65:13-45
86            <meta-data
86-->src/main/AndroidManifest.xml:26:13-28:35
87                android:name="android.app.lib_name"
87-->src/main/AndroidManifest.xml:27:17-52
88                android:value="" />
88-->src/main/AndroidManifest.xml:28:17-33
89        </activity>
90
91        <provider
91-->[com.squareup.picasso:picasso:2.71828] AndroidManifest.xml:8:9-11:40
92            android:name="com.squareup.picasso.PicassoProvider"
92-->[com.squareup.picasso:picasso:2.71828] AndroidManifest.xml:9:13-64
93            android:authorities="edu.upc.dsa.restproject.com.squareup.picasso"
93-->[com.squareup.picasso:picasso:2.71828] AndroidManifest.xml:10:13-72
94            android:exported="false" /> <!-- The minimal version code of ARCore APK required for an app using this SDK. -->
94-->[com.squareup.picasso:picasso:2.71828] AndroidManifest.xml:11:13-37
95        <meta-data
95-->[com.google.ar:core:1.30.0] AndroidManifest.xml:36:9-38:41
96            android:name="com.google.ar.core.min_apk_version"
96-->[com.google.ar:core:1.30.0] AndroidManifest.xml:37:13-62
97            android:value="213210000" /> <!-- This activity is critical for installing ARCore when it is not already present. -->
97-->[com.google.ar:core:1.30.0] AndroidManifest.xml:38:13-38
98        <activity
98-->[com.google.ar:core:1.30.0] AndroidManifest.xml:40:9-46:80
99            android:name="com.google.ar.core.InstallActivity"
99-->[com.google.ar:core:1.30.0] AndroidManifest.xml:41:13-62
100            android:configChanges="keyboardHidden|orientation|screenSize"
100-->[com.google.ar:core:1.30.0] AndroidManifest.xml:42:13-74
101            android:excludeFromRecents="true"
101-->[com.google.ar:core:1.30.0] AndroidManifest.xml:43:13-46
102            android:exported="false"
102-->[com.google.ar:core:1.30.0] AndroidManifest.xml:44:13-37
103            android:launchMode="singleTop"
103-->[com.google.ar:core:1.30.0] AndroidManifest.xml:45:13-43
104            android:theme="@android:style/Theme.Material.Light.Dialog.Alert" />
104-->[com.google.ar:core:1.30.0] AndroidManifest.xml:46:13-77
105
106        <receiver
106-->[com.google.firebase:firebase-messaging:23.1.2] AndroidManifest.xml:31:9-38:20
107            android:name="com.google.firebase.iid.FirebaseInstanceIdReceiver"
107-->[com.google.firebase:firebase-messaging:23.1.2] AndroidManifest.xml:32:13-78
108            android:exported="true"
108-->[com.google.firebase:firebase-messaging:23.1.2] AndroidManifest.xml:33:13-36
109            android:permission="com.google.android.c2dm.permission.SEND" >
109-->[com.google.firebase:firebase-messaging:23.1.2] AndroidManifest.xml:34:13-73
110            <intent-filter>
110-->[com.google.firebase:firebase-messaging:23.1.2] AndroidManifest.xml:35:13-37:29
111                <action android:name="com.google.android.c2dm.intent.RECEIVE" />
111-->[com.google.firebase:firebase-messaging:23.1.2] AndroidManifest.xml:36:17-81
111-->[com.google.firebase:firebase-messaging:23.1.2] AndroidManifest.xml:36:25-78
112            </intent-filter>
113        </receiver>
114        <!--
115             FirebaseMessagingService performs security checks at runtime,
116             but set to not exported to explicitly avoid allowing another app to call it.
117        -->
118        <service
118-->[com.google.firebase:firebase-messaging:23.1.2] AndroidManifest.xml:44:9-51:19
119            android:name="com.google.firebase.messaging.FirebaseMessagingService"
119-->[com.google.firebase:firebase-messaging:23.1.2] AndroidManifest.xml:45:13-82
120            android:directBootAware="true"
120-->[com.google.firebase:firebase-messaging:23.1.2] AndroidManifest.xml:46:13-43
121            android:exported="false" >
121-->[com.google.firebase:firebase-messaging:23.1.2] AndroidManifest.xml:47:13-37
122            <intent-filter android:priority="-500" >
122-->[com.google.firebase:firebase-messaging:23.1.2] AndroidManifest.xml:48:13-50:29
122-->[com.google.firebase:firebase-messaging:23.1.2] AndroidManifest.xml:48:28-51
123                <action android:name="com.google.firebase.MESSAGING_EVENT" />
123-->[com.google.firebase:firebase-messaging:23.1.2] AndroidManifest.xml:49:17-78
123-->[com.google.firebase:firebase-messaging:23.1.2] AndroidManifest.xml:49:25-75
124            </intent-filter>
125        </service>
126        <service
126-->[com.google.firebase:firebase-messaging:23.1.2] AndroidManifest.xml:52:9-58:19
127            android:name="com.google.firebase.components.ComponentDiscoveryService"
127-->[com.google.firebase:firebase-messaging:23.1.2] AndroidManifest.xml:53:13-84
128            android:directBootAware="true"
128-->[com.google.firebase:firebase-common:20.3.1] AndroidManifest.xml:34:13-43
129            android:exported="false" >
129-->[com.google.firebase:firebase-messaging:23.1.2] AndroidManifest.xml:54:13-37
130            <meta-data
130-->[com.google.firebase:firebase-messaging:23.1.2] AndroidManifest.xml:55:13-57:85
131                android:name="com.google.firebase.components:com.google.firebase.messaging.FirebaseMessagingRegistrar"
131-->[com.google.firebase:firebase-messaging:23.1.2] AndroidManifest.xml:56:17-119
132                android:value="com.google.firebase.components.ComponentRegistrar" />
132-->[com.google.firebase:firebase-messaging:23.1.2] AndroidManifest.xml:57:17-82
133            <meta-data
133-->[com.google.firebase:firebase-datatransport:18.1.7] AndroidManifest.xml:27:13-29:85
134                android:name="com.google.firebase.components:com.google.firebase.datatransport.TransportRegistrar"
134-->[com.google.firebase:firebase-datatransport:18.1.7] AndroidManifest.xml:28:17-115
135                android:value="com.google.firebase.components.ComponentRegistrar" />
135-->[com.google.firebase:firebase-datatransport:18.1.7] AndroidManifest.xml:29:17-82
136            <meta-data
136-->[com.google.firebase:firebase-installations:17.1.3] AndroidManifest.xml:17:13-19:85
137                android:name="com.google.firebase.components:com.google.firebase.installations.FirebaseInstallationsRegistrar"
137-->[com.google.firebase:firebase-installations:17.1.3] AndroidManifest.xml:18:17-127
138                android:value="com.google.firebase.components.ComponentRegistrar" />
138-->[com.google.firebase:firebase-installations:17.1.3] AndroidManifest.xml:19:17-82
139        </service>
140
141        <provider
141-->[com.google.firebase:firebase-common:20.3.1] AndroidManifest.xml:25:9-30:39
142            android:name="com.google.firebase.provider.FirebaseInitProvider"
142-->[com.google.firebase:firebase-common:20.3.1] AndroidManifest.xml:26:13-77
143            android:authorities="edu.upc.dsa.restproject.firebaseinitprovider"
143-->[com.google.firebase:firebase-common:20.3.1] AndroidManifest.xml:27:13-72
144            android:directBootAware="true"
144-->[com.google.firebase:firebase-common:20.3.1] AndroidManifest.xml:28:13-43
145            android:exported="false"
145-->[com.google.firebase:firebase-common:20.3.1] AndroidManifest.xml:29:13-37
146            android:initOrder="100" />
146-->[com.google.firebase:firebase-common:20.3.1] AndroidManifest.xml:30:13-36
147
148        <activity
148-->[com.google.android.gms:play-services-base:18.0.1] AndroidManifest.xml:20:9-22:45
149            android:name="com.google.android.gms.common.api.GoogleApiActivity"
149-->[com.google.android.gms:play-services-base:18.0.1] AndroidManifest.xml:20:19-85
150            android:exported="false"
150-->[com.google.android.gms:play-services-base:18.0.1] AndroidManifest.xml:22:19-43
151            android:theme="@android:style/Theme.Translucent.NoTitleBar" />
151-->[com.google.android.gms:play-services-base:18.0.1] AndroidManifest.xml:21:19-78
152
153        <meta-data
153-->[com.google.android.gms:play-services-basement:18.1.0] AndroidManifest.xml:21:9-23:69
154            android:name="com.google.android.gms.version"
154-->[com.google.android.gms:play-services-basement:18.1.0] AndroidManifest.xml:22:13-58
155            android:value="@integer/google_play_services_version" />
155-->[com.google.android.gms:play-services-basement:18.1.0] AndroidManifest.xml:23:13-66
156
157        <provider
157-->[androidx.emoji2:emoji2:1.2.0] AndroidManifest.xml:24:9-32:20
158            android:name="androidx.startup.InitializationProvider"
158-->[androidx.emoji2:emoji2:1.2.0] AndroidManifest.xml:25:13-67
159            android:authorities="edu.upc.dsa.restproject.androidx-startup"
159-->[androidx.emoji2:emoji2:1.2.0] AndroidManifest.xml:26:13-68
160            android:exported="false" >
160-->[androidx.emoji2:emoji2:1.2.0] AndroidManifest.xml:27:13-37
161            <meta-data
161-->[androidx.emoji2:emoji2:1.2.0] AndroidManifest.xml:29:13-31:52
162                android:name="androidx.emoji2.text.EmojiCompatInitializer"
162-->[androidx.emoji2:emoji2:1.2.0] AndroidManifest.xml:30:17-75
163                android:value="androidx.startup" />
163-->[androidx.emoji2:emoji2:1.2.0] AndroidManifest.xml:31:17-49
164            <meta-data
164-->[androidx.lifecycle:lifecycle-process:2.4.1] AndroidManifest.xml:31:13-33:52
165                android:name="androidx.lifecycle.ProcessLifecycleInitializer"
165-->[androidx.lifecycle:lifecycle-process:2.4.1] AndroidManifest.xml:32:17-78
166                android:value="androidx.startup" />
166-->[androidx.lifecycle:lifecycle-process:2.4.1] AndroidManifest.xml:33:17-49
167        </provider>
168
169        <uses-library
169-->[androidx.window:window:1.0.0] AndroidManifest.xml:25:9-27:40
170            android:name="androidx.window.extensions"
170-->[androidx.window:window:1.0.0] AndroidManifest.xml:26:13-54
171            android:required="false" />
171-->[androidx.window:window:1.0.0] AndroidManifest.xml:27:13-37
172        <uses-library
172-->[androidx.window:window:1.0.0] AndroidManifest.xml:28:9-30:40
173            android:name="androidx.window.sidecar"
173-->[androidx.window:window:1.0.0] AndroidManifest.xml:29:13-51
174            android:required="false" />
174-->[androidx.window:window:1.0.0] AndroidManifest.xml:30:13-37
175
176        <service
176-->[com.google.android.datatransport:transport-backend-cct:3.1.8] AndroidManifest.xml:28:9-34:19
177            android:name="com.google.android.datatransport.runtime.backends.TransportBackendDiscovery"
177-->[com.google.android.datatransport:transport-backend-cct:3.1.8] AndroidManifest.xml:29:13-103
178            android:exported="false" >
178-->[com.google.android.datatransport:transport-backend-cct:3.1.8] AndroidManifest.xml:30:13-37
179            <meta-data
179-->[com.google.android.datatransport:transport-backend-cct:3.1.8] AndroidManifest.xml:31:13-33:39
180                android:name="backend:com.google.android.datatransport.cct.CctBackendFactory"
180-->[com.google.android.datatransport:transport-backend-cct:3.1.8] AndroidManifest.xml:32:17-94
181                android:value="cct" />
181-->[com.google.android.datatransport:transport-backend-cct:3.1.8] AndroidManifest.xml:33:17-36
182        </service>
183        <service
183-->[com.google.android.datatransport:transport-runtime:3.1.8] AndroidManifest.xml:26:9-30:19
184            android:name="com.google.android.datatransport.runtime.scheduling.jobscheduling.JobInfoSchedulerService"
184-->[com.google.android.datatransport:transport-runtime:3.1.8] AndroidManifest.xml:27:13-117
185            android:exported="false"
185-->[com.google.android.datatransport:transport-runtime:3.1.8] AndroidManifest.xml:28:13-37
186            android:permission="android.permission.BIND_JOB_SERVICE" >
186-->[com.google.android.datatransport:transport-runtime:3.1.8] AndroidManifest.xml:29:13-69
187        </service>
188
189        <receiver
189-->[com.google.android.datatransport:transport-runtime:3.1.8] AndroidManifest.xml:32:9-34:40
190            android:name="com.google.android.datatransport.runtime.scheduling.jobscheduling.AlarmManagerSchedulerBroadcastReceiver"
190-->[com.google.android.datatransport:transport-runtime:3.1.8] AndroidManifest.xml:33:13-132
191            android:exported="false" />
191-->[com.google.android.datatransport:transport-runtime:3.1.8] AndroidManifest.xml:34:13-37
192    </application>
193
194</manifest>